<?xml version="1.0" encoding="UTF-8"?>
<!-- Generated by org.testng.reporters.JUnitReportReporter -->
<testsuite hostname="DESKTOP-1HRPE7D" failures="0" tests="2" name="com.demoTestCases.TestCase1" time="17.937" errors="0" timestamp="2021-11-02T23:55:12 IST" skipped="0">
  <testcase classname="com.demoTestCases.TestCase1" name="sample" time="7.374"/>
  <system-out/>
  <testcase classname="com.demoTestCases.TestCase1" name="sample1" time="10.563"/>
  <system-out/>
</testsuite> <!-- com.demoTestCases.TestCase1 -->
